<?xml version="1.0" encoding="UTF-8"?>
<testng-results skipped="0" failed="0" total="1" passed="1">
  <reporter-output>
  </reporter-output>
  <suite name="ecommorceProject" duration-ms="21055" started-at="2022-04-30T17:52:15Z" finished-at="2022-04-30T17:52:36Z">
    <groups>
    </groups>
    <test name="Mycart Test" duration-ms="21055" started-at="2022-04-30T17:52:15Z" finished-at="2022-04-30T17:52:36Z">
      <class name="com.mycart.testCases.TC_LoginTest_001">
        <test-method status="PASS" signature="setUp(java.lang.String)[pri:0, instance:com.mycart.testCases.TC_LoginTest_001@4e1d422d]" name="setUp" is-config="true" duration-ms="11360" started-at="2022-04-30T23:22:16Z" finished-at="2022-04-30T23:22:27Z">
          <params>
            <param index="0">
              <value>
                <![CDATA[chrome]]>
              </value>
            </param>
          </params>
          <reporter-output>
          </reporter-output>
        </test-method> <!-- setUp -->
        <test-method status="PASS" signature="loginTest()[pri:0, instance:com.mycart.testCases.TC_LoginTest_001@4e1d422d]" name="loginTest" duration-ms="7727" started-at="2022-04-30T23:22:27Z" finished-at="2022-04-30T23:22:35Z">
          <reporter-output>
          </reporter-output>
        </test-method> <!-- loginTest -->
        <test-method status="PASS" signature="tearDown()[pri:0, instance:com.mycart.testCases.TC_LoginTest_001@4e1d422d]" name="tearDown" is-config="true" duration-ms="1185" started-at="2022-04-30T23:22:35Z" finished-at="2022-04-30T23:22:36Z">
          <reporter-output>
          </reporter-output>
        </test-method> <!-- tearDown -->
      </class> <!-- com.mycart.testCases.TC_LoginTest_001 -->
    </test> <!-- Mycart Test -->
  </suite> <!-- ecommorceProject -->
</testng-results>
